<?xml version="1.0" encoding="UTF-8"?>
<testng-results skipped="0" failed="4" ignored="0" total="10" passed="6">
  <reporter-output>
  </reporter-output>
  <suite name="Suite" duration-ms="620577" started-at="2020-08-10T06:41:53Z" finished-at="2020-08-10T06:52:14Z">
    <groups>
    </groups>
    <test name="ChromeTest" duration-ms="384450" started-at="2020-08-10T06:41:53Z" finished-at="2020-08-10T06:48:18Z">
      <class name="com.justdial.Grid.GridJustdialTest">
        <test-method status="PASS" signature="setup(java.lang.String, java.lang.String)[pri:0, instance:com.justdial.Grid.GridJustdialTest@7a419da4]" name="setup" is-config="true" duration-ms="59265" started-at="2020-08-10T12:11:53Z" finished-at="2020-08-10T12:12:53Z">
          <params>
            <param index="0">
              <value>
                <![CDATA[chrome]]>
              </value>
            </param>
            <param index="1">
              <value>
                <![CDATA[https://www.justdial.com/]]>
              </value>
            </param>
          </params>
          <reporter-output>
          </reporter-output>
        </test-method> <!-- setup -->
        <test-method status="PASS" signature="beforeMethod()[pri:0, instance:com.justdial.Grid.GridJustdialTest@7a419da4]" name="beforeMethod" is-config="true" duration-ms="1" started-at="2020-08-10T12:12:53Z" finished-at="2020-08-10T12:12:53Z">
          <reporter-output>
          </reporter-output>
        </test-method> <!-- beforeMethod -->
        <test-method status="PASS" signature="CheckTitel()[pri:1, instance:com.justdial.Grid.GridJustdialTest@7a419da4]" name="CheckTitel" duration-ms="219" started-at="2020-08-10T12:12:53Z" finished-at="2020-08-10T12:12:53Z">
          <reporter-output>
          </reporter-output>
        </test-method> <!-- CheckTitel -->
        <test-method status="PASS" signature="extentWrite()[pri:0, instance:com.justdial.Grid.GridJustdialTest@7a419da4]" name="extentWrite" is-config="true" duration-ms="1363" started-at="2020-08-10T12:12:53Z" finished-at="2020-08-10T12:12:54Z">
          <reporter-output>
          </reporter-output>
        </test-method> <!-- extentWrite -->
        <test-method status="PASS" signature="beforeMethod()[pri:0, instance:com.justdial.Grid.GridJustdialTest@7a419da4]" name="beforeMethod" is-config="true" duration-ms="1" started-at="2020-08-10T12:12:54Z" finished-at="2020-08-10T12:12:54Z">
          <reporter-output>
          </reporter-output>
        </test-method> <!-- beforeMethod -->
        <test-method status="PASS" signature="LocationSetTest()[pri:2, instance:com.justdial.Grid.GridJustdialTest@7a419da4]" name="LocationSetTest" duration-ms="2322" started-at="2020-08-10T12:12:54Z" finished-at="2020-08-10T12:12:57Z">
          <reporter-output>
          </reporter-output>
        </test-method> <!-- LocationSetTest -->
        <test-method status="PASS" signature="extentWrite()[pri:0, instance:com.justdial.Grid.GridJustdialTest@7a419da4]" name="extentWrite" is-config="true" duration-ms="15" started-at="2020-08-10T12:12:57Z" finished-at="2020-08-10T12:12:57Z">
          <reporter-output>
          </reporter-output>
        </test-method> <!-- extentWrite -->
        <test-method status="PASS" signature="beforeMethod()[pri:0, instance:com.justdial.Grid.GridJustdialTest@7a419da4]" name="beforeMethod" is-config="true" duration-ms="0" started-at="2020-08-10T12:12:57Z" finished-at="2020-08-10T12:12:57Z">
          <reporter-output>
          </reporter-output>
        </test-method> <!-- beforeMethod -->
        <test-method status="PASS" signature="SearchTest()[pri:3, instance:com.justdial.Grid.GridJustdialTest@7a419da4]" name="SearchTest" duration-ms="31093" started-at="2020-08-10T12:12:57Z" finished-at="2020-08-10T12:13:28Z">
          <reporter-output>
          </reporter-output>
        </test-method> <!-- SearchTest -->
        <test-method status="PASS" signature="extentWrite()[pri:0, instance:com.justdial.Grid.GridJustdialTest@7a419da4]" name="extentWrite" is-config="true" duration-ms="48" started-at="2020-08-10T12:13:28Z" finished-at="2020-08-10T12:13:28Z">
          <reporter-output>
          </reporter-output>
        </test-method> <!-- extentWrite -->
        <test-method status="PASS" signature="beforeMethod()[pri:0, instance:com.justdial.Grid.GridJustdialTest@7a419da4]" name="beforeMethod" is-config="true" duration-ms="1" started-at="2020-08-10T12:13:28Z" finished-at="2020-08-10T12:13:28Z">
          <reporter-output>
          </reporter-output>
        </test-method> <!-- beforeMethod -->
        <test-method status="FAIL" signature="RattingTest()[pri:4, instance:com.justdial.Grid.GridJustdialTest@7a419da4]" name="RattingTest" duration-ms="3092" started-at="2020-08-10T12:13:28Z" finished-at="2020-08-10T12:13:31Z">
          <exception class="java.lang.AssertionError">
            <message>
              <![CDATA[expected [true] but found [false]]]>
            </message>
            <full-stacktrace>
              <![CDATA[java.lang.AssertionError: expected [true] but found [false]at org.testng.Assert.fail(Assert.java:96)at org.testng.Assert.failNotEquals(Assert.java:776)at org.testng.Assert.assertTrue(Assert.java:44)at org.testng.Assert.assertTrue(Assert.java:54)at com.justdial.Grid.GridJustdialTest.RattingTest(GridJustdialTest.java:155)at sun.reflect.NativeMethodAccessorImpl.invoke0(Native Method)at sun.reflect.NativeMethodAccessorImpl.invoke(NativeMethodAccessorImpl.java:62)at sun.reflect.DelegatingMethodAccessorImpl.invoke(DelegatingMethodAccessorImpl.java:43)at java.lang.reflect.Method.invoke(Method.java:483)at org.testng.internal.MethodInvocationHelper.invokeMethod(MethodInvocationHelper.java:124)at org.testng.internal.Invoker.invokeMethod(Invoker.java:571)at org.testng.internal.Invoker.invokeTestMethod(Invoker.java:707)at org.testng.internal.Invoker.invokeTestMethods(Invoker.java:979)at org.testng.internal.TestMethodWorker.invokeTestMethods(TestMethodWorker.java:125)at org.testng.internal.TestMethodWorker.run(TestMethodWorker.java:109)at org.testng.TestRunner.privateRun(TestRunner.java:648)at org.testng.TestRunner.run(TestRunner.java:505)at org.testng.SuiteRunner.runTest(SuiteRunner.java:455)at org.testng.SuiteRunner.runSequentially(SuiteRunner.java:450)at org.testng.SuiteRunner.privateRun(SuiteRunner.java:415)at org.testng.SuiteRunner.run(SuiteRunner.java:364)at org.testng.SuiteRunnerWorker.runSuite(SuiteRunnerWorker.java:52)at org.testng.SuiteRunnerWorker.run(SuiteRunnerWorker.java:84)at org.testng.TestNG.runSuitesSequentially(TestNG.java:1187)at org.testng.TestNG.runSuitesLocally(TestNG.java:1116)at org.testng.TestNG.runSuites(TestNG.java:1028)at org.testng.TestNG.run(TestNG.java:996)at org.testng.remote.AbstractRemoteTestNG.run(AbstractRemoteTestNG.java:115)at org.testng.remote.RemoteTestNG.initAndRun(RemoteTestNG.java:251)at org.testng.remote.RemoteTestNG.main(RemoteTestNG.java:77)]]>
            </full-stacktrace>
          </exception> <!-- java.lang.AssertionError -->
          <reporter-output>
          </reporter-output>
        </test-method> <!-- RattingTest -->
        <test-method status="PASS" signature="extentWrite()[pri:0, instance:com.justdial.Grid.GridJustdialTest@7a419da4]" name="extentWrite" is-config="true" duration-ms="51" started-at="2020-08-10T12:13:31Z" finished-at="2020-08-10T12:13:31Z">
          <reporter-output>
          </reporter-output>
        </test-method> <!-- extentWrite -->
        <test-method status="PASS" signature="beforeMethod()[pri:0, instance:com.justdial.Grid.GridJustdialTest@7a419da4]" name="beforeMethod" is-config="true" duration-ms="0" started-at="2020-08-10T12:13:31Z" finished-at="2020-08-10T12:13:31Z">
          <reporter-output>
          </reporter-output>
        </test-method> <!-- beforeMethod -->
        <test-method status="FAIL" signature="SelectDataTest()[pri:5, instance:com.justdial.Grid.GridJustdialTest@7a419da4]" name="SelectDataTest" duration-ms="286204" started-at="2020-08-10T12:13:31Z" finished-at="2020-08-10T12:18:17Z">
          <exception class="org.openqa.selenium.ElementClickInterceptedException">
            <message>
              <![CDATA[element click intercepted: Element <span class="lng_cont_name">...</span> is not clickable at point (709, 638). Other element would receive the click: <div class="b-modal __b-popup1__" style="background-color: rgb(0, 0, 0); position: fixed; top: 0px; right: 0px; bottom: 0px; left: 0px; opacity: 0.8; z-index: 9998; cursor: pointer;"></div>  (Session info: chrome=84.0.4147.105)Build info: version: '3.141.5', revision: 'd54ebd709a', time: '2018-11-06T11:42:16'System info: host: 'DESKTOP-BFS0L6V', ip: '192.168.43.183', os.name: 'Windows 8.1', os.arch: 'amd64', os.version: '6.3', java.version: '1.8.0_31'Driver info: org.openqa.selenium.remote.RemoteWebDriverCapabilities {acceptInsecureCerts: false, browserName: chrome, browserVersion: 84.0.4147.105, chrome: {chromedriverVersion: 83.0.4103.39 (ccbf011cb2d2b..., userDataDir: C:\Users\ashwa\AppData\Loca...}, goog:chromeOptions: {debuggerAddress: localhost:53647}, javascriptEnabled: true, networkConnectionEnabled: false, pageLoadStrategy: normal, platform: WINDOWS, platformName: WINDOWS, proxy: Proxy(), setWindowRect: true, strictFileInteractability: false, timeouts: {implicit: 0, pageLoad: 300000, script: 30000}, unhandledPromptBehavior: dismiss and notify, webauthn:virtualAuthenticators: true, webdriver.remote.sessionid: a9d76e4dc7cfa6a15dba1b566e7...}Session ID: a9d76e4dc7cfa6a15dba1b566e70e4f7]]>
            </message>
            <full-stacktrace>
              <![CDATA[org.openqa.selenium.ElementClickInterceptedException: element click intercepted: Element <span class="lng_cont_name">...</span> is not clickable at point (709, 638). Other element would receive the click: <div class="b-modal __b-popup1__" style="background-color: rgb(0, 0, 0); position: fixed; top: 0px; right: 0px; bottom: 0px; left: 0px; opacity: 0.8; z-index: 9998; cursor: pointer;"></div>  (Session info: chrome=84.0.4147.105)Build info: version: '3.141.5', revision: 'd54ebd709a', time: '2018-11-06T11:42:16'System info: host: 'DESKTOP-BFS0L6V', ip: '192.168.43.183', os.name: 'Windows 8.1', os.arch: 'amd64', os.version: '6.3', java.version: '1.8.0_31'Driver info: org.openqa.selenium.remote.RemoteWebDriverCapabilities {acceptInsecureCerts: false, browserName: chrome, browserVersion: 84.0.4147.105, chrome: {chromedriverVersion: 83.0.4103.39 (ccbf011cb2d2b..., userDataDir: C:\Users\ashwa\AppData\Loca...}, goog:chromeOptions: {debuggerAddress: localhost:53647}, javascriptEnabled: true, networkConnectionEnabled: false, pageLoadStrategy: normal, platform: WINDOWS, platformName: WINDOWS, proxy: Proxy(), setWindowRect: true, strictFileInteractability: false, timeouts: {implicit: 0, pageLoad: 300000, script: 30000}, unhandledPromptBehavior: dismiss and notify, webauthn:virtualAuthenticators: true, webdriver.remote.sessionid: a9d76e4dc7cfa6a15dba1b566e7...}Session ID: a9d76e4dc7cfa6a15dba1b566e70e4f7at sun.reflect.NativeConstructorAccessorImpl.newInstance0(Native Method)at sun.reflect.NativeConstructorAccessorImpl.newInstance(NativeConstructorAccessorImpl.java:62)at sun.reflect.DelegatingConstructorAccessorImpl.newInstance(DelegatingConstructorAccessorImpl.java:45)at java.lang.reflect.Constructor.newInstance(Constructor.java:408)at org.openqa.selenium.remote.http.W3CHttpResponseCodec.createException(W3CHttpResponseCodec.java:187)at org.openqa.selenium.remote.http.W3CHttpResponseCodec.decode(W3CHttpResponseCodec.java:122)at org.openqa.selenium.remote.http.W3CHttpResponseCodec.decode(W3CHttpResponseCodec.java:49)at org.openqa.selenium.remote.HttpCommandExecutor.execute(HttpCommandExecutor.java:158)at org.openqa.selenium.remote.RemoteWebDriver.execute(RemoteWebDriver.java:552)at org.openqa.selenium.remote.RemoteWebElement.execute(RemoteWebElement.java:285)at org.openqa.selenium.remote.RemoteWebElement.click(RemoteWebElement.java:84)at mainpackage.SelectData.Counter(SelectData.java:68)at com.justdial.Grid.GridJustdialTest.SelectDataTest(GridJustdialTest.java:165)at sun.reflect.NativeMethodAccessorImpl.invoke0(Native Method)at sun.reflect.NativeMethodAccessorImpl.invoke(NativeMethodAccessorImpl.java:62)at sun.reflect.DelegatingMethodAccessorImpl.invoke(DelegatingMethodAccessorImpl.java:43)at java.lang.reflect.Method.invoke(Method.java:483)at org.testng.internal.MethodInvocationHelper.invokeMethod(MethodInvocationHelper.java:124)at org.testng.internal.Invoker.invokeMethod(Invoker.java:571)at org.testng.internal.Invoker.invokeTestMethod(Invoker.java:707)at org.testng.internal.Invoker.invokeTestMethods(Invoker.java:979)at org.testng.internal.TestMethodWorker.invokeTestMethods(TestMethodWorker.java:125)at org.testng.internal.TestMethodWorker.run(TestMethodWorker.java:109)at org.testng.TestRunner.privateRun(TestRunner.java:648)at org.testng.TestRunner.run(TestRunner.java:505)at org.testng.SuiteRunner.runTest(SuiteRunner.java:455)at org.testng.SuiteRunner.runSequentially(SuiteRunner.java:450)at org.testng.SuiteRunner.privateRun(SuiteRunner.java:415)at org.testng.SuiteRunner.run(SuiteRunner.java:364)at org.testng.SuiteRunnerWorker.runSuite(SuiteRunnerWorker.java:52)at org.testng.SuiteRunnerWorker.run(SuiteRunnerWorker.java:84)at org.testng.TestNG.runSuitesSequentially(TestNG.java:1187)at org.testng.TestNG.runSuitesLocally(TestNG.java:1116)at org.testng.TestNG.runSuites(TestNG.java:1028)at org.testng.TestNG.run(TestNG.java:996)at org.testng.remote.AbstractRemoteTestNG.run(AbstractRemoteTestNG.java:115)at org.testng.remote.RemoteTestNG.initAndRun(RemoteTestNG.java:251)at org.testng.remote.RemoteTestNG.main(RemoteTestNG.java:77)]]>
            </full-stacktrace>
          </exception> <!-- org.openqa.selenium.ElementClickInterceptedException -->
          <reporter-output>
          </reporter-output>
        </test-method> <!-- SelectDataTest -->
        <test-method status="PASS" signature="extentWrite()[pri:0, instance:com.justdial.Grid.GridJustdialTest@7a419da4]" name="extentWrite" is-config="true" duration-ms="34" started-at="2020-08-10T12:18:17Z" finished-at="2020-08-10T12:18:17Z">
          <reporter-output>
          </reporter-output>
        </test-method> <!-- extentWrite -->
        <test-method status="PASS" signature="afterClass()[pri:0, instance:com.justdial.Grid.GridJustdialTest@7a419da4]" name="afterClass" is-config="true" duration-ms="481" started-at="2020-08-10T12:18:17Z" finished-at="2020-08-10T12:18:18Z">
          <reporter-output>
          </reporter-output>
        </test-method> <!-- afterClass -->
      </class> <!-- com.justdial.Grid.GridJustdialTest -->
    </test> <!-- ChromeTest -->
    <test name="FirefoxTest" duration-ms="235364" started-at="2020-08-10T06:48:19Z" finished-at="2020-08-10T06:52:14Z">
      <class name="com.justdial.Grid.GridJustdialTest">
        <test-method status="PASS" signature="setup(java.lang.String, java.lang.String)[pri:0, instance:com.justdial.Grid.GridJustdialTest@53fdffa1]" name="setup" is-config="true" duration-ms="173206" started-at="2020-08-10T12:18:19Z" finished-at="2020-08-10T12:21:12Z">
          <params>
            <param index="0">
              <value>
                <![CDATA[firefox]]>
              </value>
            </param>
            <param index="1">
              <value>
                <![CDATA[https://www.justdial.com/]]>
              </value>
            </param>
          </params>
          <reporter-output>
          </reporter-output>
        </test-method> <!-- setup -->
        <test-method status="PASS" signature="CheckTitel()[pri:1, instance:com.justdial.Grid.GridJustdialTest@53fdffa1]" name="CheckTitel" duration-ms="39" started-at="2020-08-10T12:21:12Z" finished-at="2020-08-10T12:21:12Z">
          <reporter-output>
          </reporter-output>
        </test-method> <!-- CheckTitel -->
        <test-method status="PASS" signature="beforeMethod()[pri:0, instance:com.justdial.Grid.GridJustdialTest@53fdffa1]" name="beforeMethod" is-config="true" duration-ms="0" started-at="2020-08-10T12:21:12Z" finished-at="2020-08-10T12:21:12Z">
          <reporter-output>
          </reporter-output>
        </test-method> <!-- beforeMethod -->
        <test-method status="PASS" signature="extentWrite()[pri:0, instance:com.justdial.Grid.GridJustdialTest@53fdffa1]" name="extentWrite" is-config="true" duration-ms="49" started-at="2020-08-10T12:21:12Z" finished-at="2020-08-10T12:21:12Z">
          <reporter-output>
          </reporter-output>
        </test-method> <!-- extentWrite -->
        <test-method status="PASS" signature="LocationSetTest()[pri:2, instance:com.justdial.Grid.GridJustdialTest@53fdffa1]" name="LocationSetTest" duration-ms="6692" started-at="2020-08-10T12:21:12Z" finished-at="2020-08-10T12:21:19Z">
          <reporter-output>
          </reporter-output>
        </test-method> <!-- LocationSetTest -->
        <test-method status="PASS" signature="beforeMethod()[pri:0, instance:com.justdial.Grid.GridJustdialTest@53fdffa1]" name="beforeMethod" is-config="true" duration-ms="0" started-at="2020-08-10T12:21:12Z" finished-at="2020-08-10T12:21:12Z">
          <reporter-output>
          </reporter-output>
        </test-method> <!-- beforeMethod -->
        <test-method status="PASS" signature="extentWrite()[pri:0, instance:com.justdial.Grid.GridJustdialTest@53fdffa1]" name="extentWrite" is-config="true" duration-ms="40" started-at="2020-08-10T12:21:19Z" finished-at="2020-08-10T12:21:19Z">
          <reporter-output>
          </reporter-output>
        </test-method> <!-- extentWrite -->
        <test-method status="PASS" signature="SearchTest()[pri:3, instance:com.justdial.Grid.GridJustdialTest@53fdffa1]" name="SearchTest" duration-ms="47928" started-at="2020-08-10T12:21:19Z" finished-at="2020-08-10T12:22:07Z">
          <reporter-output>
          </reporter-output>
        </test-method> <!-- SearchTest -->
        <test-method status="PASS" signature="beforeMethod()[pri:0, instance:com.justdial.Grid.GridJustdialTest@53fdffa1]" name="beforeMethod" is-config="true" duration-ms="0" started-at="2020-08-10T12:21:19Z" finished-at="2020-08-10T12:21:19Z">
          <reporter-output>
          </reporter-output>
        </test-method> <!-- beforeMethod -->
        <test-method status="PASS" signature="extentWrite()[pri:0, instance:com.justdial.Grid.GridJustdialTest@53fdffa1]" name="extentWrite" is-config="true" duration-ms="73" started-at="2020-08-10T12:22:07Z" finished-at="2020-08-10T12:22:07Z">
          <reporter-output>
          </reporter-output>
        </test-method> <!-- extentWrite -->
        <test-method status="PASS" signature="beforeMethod()[pri:0, instance:com.justdial.Grid.GridJustdialTest@53fdffa1]" name="beforeMethod" is-config="true" duration-ms="1" started-at="2020-08-10T12:22:07Z" finished-at="2020-08-10T12:22:07Z">
          <reporter-output>
          </reporter-output>
        </test-method> <!-- beforeMethod -->
        <test-method status="FAIL" signature="RattingTest()[pri:4, instance:com.justdial.Grid.GridJustdialTest@53fdffa1]" name="RattingTest" duration-ms="748" started-at="2020-08-10T12:22:07Z" finished-at="2020-08-10T12:22:07Z">
          <exception class="org.openqa.selenium.ElementClickInterceptedException">
            <message>
              <![CDATA[Element <span class="lng_srtfltr"> is not clickable at point (994,227) because another element <p> obscures itBuild info: version: '3.141.5', revision: 'd54ebd709a', time: '2018-11-06T11:42:16'System info: host: 'DESKTOP-BFS0L6V', ip: '192.168.43.183', os.name: 'Windows 8.1', os.arch: 'amd64', os.version: '6.3', java.version: '1.8.0_31'Driver info: org.openqa.selenium.remote.RemoteWebDriverCapabilities {acceptInsecureCerts: false, browserName: firefox, browserVersion: 79.0, javascriptEnabled: true, moz:accessibilityChecks: false, moz:buildID: 20200720193547, moz:geckodriverVersion: 0.26.0, moz:headless: false, moz:processID: 13420, moz:profile: C:\Users\ashwa\AppData\Loca..., moz:shutdownTimeout: 60000, moz:useNonSpecCompliantPointerOrigin: false, moz:webdriverClick: true, pageLoadStrategy: normal, platform: WINDOWS, platformName: WINDOWS, platformVersion: 10.0, rotatable: false, setWindowRect: true, strictFileInteractability: false, timeouts: {implicit: 0, pageLoad: 300000, script: 30000}, unhandledPromptBehavior: dismiss and notify, webdriver.remote.sessionid: 49addc7c-8f6e-4525-8ea8-7f4...}Session ID: 49addc7c-8f6e-4525-8ea8-7f4b2d97f7c8]]>
            </message>
            <full-stacktrace>
              <![CDATA[org.openqa.selenium.ElementClickInterceptedException: Element <span class="lng_srtfltr"> is not clickable at point (994,227) because another element <p> obscures itBuild info: version: '3.141.5', revision: 'd54ebd709a', time: '2018-11-06T11:42:16'System info: host: 'DESKTOP-BFS0L6V', ip: '192.168.43.183', os.name: 'Windows 8.1', os.arch: 'amd64', os.version: '6.3', java.version: '1.8.0_31'Driver info: org.openqa.selenium.remote.RemoteWebDriverCapabilities {acceptInsecureCerts: false, browserName: firefox, browserVersion: 79.0, javascriptEnabled: true, moz:accessibilityChecks: false, moz:buildID: 20200720193547, moz:geckodriverVersion: 0.26.0, moz:headless: false, moz:processID: 13420, moz:profile: C:\Users\ashwa\AppData\Loca..., moz:shutdownTimeout: 60000, moz:useNonSpecCompliantPointerOrigin: false, moz:webdriverClick: true, pageLoadStrategy: normal, platform: WINDOWS, platformName: WINDOWS, platformVersion: 10.0, rotatable: false, setWindowRect: true, strictFileInteractability: false, timeouts: {implicit: 0, pageLoad: 300000, script: 30000}, unhandledPromptBehavior: dismiss and notify, webdriver.remote.sessionid: 49addc7c-8f6e-4525-8ea8-7f4...}Session ID: 49addc7c-8f6e-4525-8ea8-7f4b2d97f7c8at sun.reflect.NativeConstructorAccessorImpl.newInstance0(Native Method)at sun.reflect.NativeConstructorAccessorImpl.newInstance(NativeConstructorAccessorImpl.java:62)at sun.reflect.DelegatingConstructorAccessorImpl.newInstance(DelegatingConstructorAccessorImpl.java:45)at java.lang.reflect.Constructor.newInstance(Constructor.java:408)at org.openqa.selenium.remote.http.W3CHttpResponseCodec.createException(W3CHttpResponseCodec.java:187)at org.openqa.selenium.remote.http.W3CHttpResponseCodec.decode(W3CHttpResponseCodec.java:122)at org.openqa.selenium.remote.http.W3CHttpResponseCodec.decode(W3CHttpResponseCodec.java:49)at org.openqa.selenium.remote.HttpCommandExecutor.execute(HttpCommandExecutor.java:158)at org.openqa.selenium.remote.RemoteWebDriver.execute(RemoteWebDriver.java:552)at org.openqa.selenium.remote.RemoteWebElement.execute(RemoteWebElement.java:285)at org.openqa.selenium.remote.RemoteWebElement.click(RemoteWebElement.java:84)at sun.reflect.NativeMethodAccessorImpl.invoke0(Native Method)at sun.reflect.NativeMethodAccessorImpl.invoke(NativeMethodAccessorImpl.java:62)at sun.reflect.DelegatingMethodAccessorImpl.invoke(DelegatingMethodAccessorImpl.java:43)at java.lang.reflect.Method.invoke(Method.java:483)at org.openqa.selenium.support.pagefactory.internal.LocatingElementHandler.invoke(LocatingElementHandler.java:51)at com.sun.proxy.$Proxy29.click(Unknown Source)at mainpackage.Rating.setRating(Rating.java:23)at com.justdial.Grid.GridJustdialTest.RattingTest(GridJustdialTest.java:136)at sun.reflect.NativeMethodAccessorImpl.invoke0(Native Method)at sun.reflect.NativeMethodAccessorImpl.invoke(NativeMethodAccessorImpl.java:62)at sun.reflect.DelegatingMethodAccessorImpl.invoke(DelegatingMethodAccessorImpl.java:43)at java.lang.reflect.Method.invoke(Method.java:483)at org.testng.internal.MethodInvocationHelper.invokeMethod(MethodInvocationHelper.java:124)at org.testng.internal.Invoker.invokeMethod(Invoker.java:571)at org.testng.internal.Invoker.invokeTestMethod(Invoker.java:707)at org.testng.internal.Invoker.invokeTestMethods(Invoker.java:979)at org.testng.internal.TestMethodWorker.invokeTestMethods(TestMethodWorker.java:125)at org.testng.internal.TestMethodWorker.run(TestMethodWorker.java:109)at org.testng.TestRunner.privateRun(TestRunner.java:648)at org.testng.TestRunner.run(TestRunner.java:505)at org.testng.SuiteRunner.runTest(SuiteRunner.java:455)at org.testng.SuiteRunner.runSequentially(SuiteRunner.java:450)at org.testng.SuiteRunner.privateRun(SuiteRunner.java:415)at org.testng.SuiteRunner.run(SuiteRunner.java:364)at org.testng.SuiteRunnerWorker.runSuite(SuiteRunnerWorker.java:52)at org.testng.SuiteRunnerWorker.run(SuiteRunnerWorker.java:84)at org.testng.TestNG.runSuitesSequentially(TestNG.java:1187)at org.testng.TestNG.runSuitesLocally(TestNG.java:1116)at org.testng.TestNG.runSuites(TestNG.java:1028)at org.testng.TestNG.run(TestNG.java:996)at org.testng.remote.AbstractRemoteTestNG.run(AbstractRemoteTestNG.java:115)at org.testng.remote.RemoteTestNG.initAndRun(RemoteTestNG.java:251)at org.testng.remote.RemoteTestNG.main(RemoteTestNG.java:77)]]>
            </full-stacktrace>
          </exception> <!-- org.openqa.selenium.ElementClickInterceptedException -->
          <reporter-output>
          </reporter-output>
        </test-method> <!-- RattingTest -->
        <test-method status="PASS" signature="extentWrite()[pri:0, instance:com.justdial.Grid.GridJustdialTest@53fdffa1]" name="extentWrite" is-config="true" duration-ms="26" started-at="2020-08-10T12:22:07Z" finished-at="2020-08-10T12:22:07Z">
          <reporter-output>
          </reporter-output>
        </test-method> <!-- extentWrite -->
        <test-method status="PASS" signature="beforeMethod()[pri:0, instance:com.justdial.Grid.GridJustdialTest@53fdffa1]" name="beforeMethod" is-config="true" duration-ms="0" started-at="2020-08-10T12:22:07Z" finished-at="2020-08-10T12:22:07Z">
          <reporter-output>
          </reporter-output>
        </test-method> <!-- beforeMethod -->
        <test-method status="FAIL" signature="SelectDataTest()[pri:5, instance:com.justdial.Grid.GridJustdialTest@53fdffa1]" name="SelectDataTest" duration-ms="307" started-at="2020-08-10T12:22:07Z" finished-at="2020-08-10T12:22:08Z">
          <exception class="org.openqa.selenium.ElementClickInterceptedException">
            <message>
              <![CDATA[Element <span class="lng_cont_name"> is not clickable at point (723,273) because another element <input id="bd_email" class="jinp" name="email" type="text"> obscures itBuild info: version: '3.141.5', revision: 'd54ebd709a', time: '2018-11-06T11:42:16'System info: host: 'DESKTOP-BFS0L6V', ip: '192.168.43.183', os.name: 'Windows 8.1', os.arch: 'amd64', os.version: '6.3', java.version: '1.8.0_31'Driver info: org.openqa.selenium.remote.RemoteWebDriverCapabilities {acceptInsecureCerts: false, browserName: firefox, browserVersion: 79.0, javascriptEnabled: true, moz:accessibilityChecks: false, moz:buildID: 20200720193547, moz:geckodriverVersion: 0.26.0, moz:headless: false, moz:processID: 13420, moz:profile: C:\Users\ashwa\AppData\Loca..., moz:shutdownTimeout: 60000, moz:useNonSpecCompliantPointerOrigin: false, moz:webdriverClick: true, pageLoadStrategy: normal, platform: WINDOWS, platformName: WINDOWS, platformVersion: 10.0, rotatable: false, setWindowRect: true, strictFileInteractability: false, timeouts: {implicit: 0, pageLoad: 300000, script: 30000}, unhandledPromptBehavior: dismiss and notify, webdriver.remote.sessionid: 49addc7c-8f6e-4525-8ea8-7f4...}Session ID: 49addc7c-8f6e-4525-8ea8-7f4b2d97f7c8]]>
            </message>
            <full-stacktrace>
              <![CDATA[org.openqa.selenium.ElementClickInterceptedException: Element <span class="lng_cont_name"> is not clickable at point (723,273) because another element <input id="bd_email" class="jinp" name="email" type="text"> obscures itBuild info: version: '3.141.5', revision: 'd54ebd709a', time: '2018-11-06T11:42:16'System info: host: 'DESKTOP-BFS0L6V', ip: '192.168.43.183', os.name: 'Windows 8.1', os.arch: 'amd64', os.version: '6.3', java.version: '1.8.0_31'Driver info: org.openqa.selenium.remote.RemoteWebDriverCapabilities {acceptInsecureCerts: false, browserName: firefox, browserVersion: 79.0, javascriptEnabled: true, moz:accessibilityChecks: false, moz:buildID: 20200720193547, moz:geckodriverVersion: 0.26.0, moz:headless: false, moz:processID: 13420, moz:profile: C:\Users\ashwa\AppData\Loca..., moz:shutdownTimeout: 60000, moz:useNonSpecCompliantPointerOrigin: false, moz:webdriverClick: true, pageLoadStrategy: normal, platform: WINDOWS, platformName: WINDOWS, platformVersion: 10.0, rotatable: false, setWindowRect: true, strictFileInteractability: false, timeouts: {implicit: 0, pageLoad: 300000, script: 30000}, unhandledPromptBehavior: dismiss and notify, webdriver.remote.sessionid: 49addc7c-8f6e-4525-8ea8-7f4...}Session ID: 49addc7c-8f6e-4525-8ea8-7f4b2d97f7c8at sun.reflect.NativeConstructorAccessorImpl.newInstance0(Native Method)at sun.reflect.NativeConstructorAccessorImpl.newInstance(NativeConstructorAccessorImpl.java:62)at sun.reflect.DelegatingConstructorAccessorImpl.newInstance(DelegatingConstructorAccessorImpl.java:45)at java.lang.reflect.Constructor.newInstance(Constructor.java:408)at org.openqa.selenium.remote.http.W3CHttpResponseCodec.createException(W3CHttpResponseCodec.java:187)at org.openqa.selenium.remote.http.W3CHttpResponseCodec.decode(W3CHttpResponseCodec.java:122)at org.openqa.selenium.remote.http.W3CHttpResponseCodec.decode(W3CHttpResponseCodec.java:49)at org.openqa.selenium.remote.HttpCommandExecutor.execute(HttpCommandExecutor.java:158)at org.openqa.selenium.remote.RemoteWebDriver.execute(RemoteWebDriver.java:552)at org.openqa.selenium.remote.RemoteWebElement.execute(RemoteWebElement.java:285)at org.openqa.selenium.remote.RemoteWebElement.click(RemoteWebElement.java:84)at mainpackage.SelectData.Counter(SelectData.java:68)at com.justdial.Grid.GridJustdialTest.SelectDataTest(GridJustdialTest.java:165)at sun.reflect.NativeMethodAccessorImpl.invoke0(Native Method)at sun.reflect.NativeMethodAccessorImpl.invoke(NativeMethodAccessorImpl.java:62)at sun.reflect.DelegatingMethodAccessorImpl.invoke(DelegatingMethodAccessorImpl.java:43)at java.lang.reflect.Method.invoke(Method.java:483)at org.testng.internal.MethodInvocationHelper.invokeMethod(MethodInvocationHelper.java:124)at org.testng.internal.Invoker.invokeMethod(Invoker.java:571)at org.testng.internal.Invoker.invokeTestMethod(Invoker.java:707)at org.testng.internal.Invoker.invokeTestMethods(Invoker.java:979)at org.testng.internal.TestMethodWorker.invokeTestMethods(TestMethodWorker.java:125)at org.testng.internal.TestMethodWorker.run(TestMethodWorker.java:109)at org.testng.TestRunner.privateRun(TestRunner.java:648)at org.testng.TestRunner.run(TestRunner.java:505)at org.testng.SuiteRunner.runTest(SuiteRunner.java:455)at org.testng.SuiteRunner.runSequentially(SuiteRunner.java:450)at org.testng.SuiteRunner.privateRun(SuiteRunner.java:415)at org.testng.SuiteRunner.run(SuiteRunner.java:364)at org.testng.SuiteRunnerWorker.runSuite(SuiteRunnerWorker.java:52)at org.testng.SuiteRunnerWorker.run(SuiteRunnerWorker.java:84)at org.testng.TestNG.runSuitesSequentially(TestNG.java:1187)at org.testng.TestNG.runSuitesLocally(TestNG.java:1116)at org.testng.TestNG.runSuites(TestNG.java:1028)at org.testng.TestNG.run(TestNG.java:996)at org.testng.remote.AbstractRemoteTestNG.run(AbstractRemoteTestNG.java:115)at org.testng.remote.RemoteTestNG.initAndRun(RemoteTestNG.java:251)at org.testng.remote.RemoteTestNG.main(RemoteTestNG.java:77)]]>
            </full-stacktrace>
          </exception> <!-- org.openqa.selenium.ElementClickInterceptedException -->
          <reporter-output>
          </reporter-output>
        </test-method> <!-- SelectDataTest -->
        <test-method status="PASS" signature="extentWrite()[pri:0, instance:com.justdial.Grid.GridJustdialTest@53fdffa1]" name="extentWrite" is-config="true" duration-ms="27" started-at="2020-08-10T12:22:08Z" finished-at="2020-08-10T12:22:08Z">
          <reporter-output>
          </reporter-output>
        </test-method> <!-- extentWrite -->
        <test-method status="PASS" signature="afterClass()[pri:0, instance:com.justdial.Grid.GridJustdialTest@53fdffa1]" name="afterClass" is-config="true" duration-ms="6203" started-at="2020-08-10T12:22:08Z" finished-at="2020-08-10T12:22:14Z">
          <reporter-output>
          </reporter-output>
        </test-method> <!-- afterClass -->
      </class> <!-- com.justdial.Grid.GridJustdialTest -->
    </test> <!-- FirefoxTest -->
  </suite> <!-- Suite -->
</testng-results>
